2022-01-18-20:50:29.0235 INFO [config] [main]  Config ( no ): user properties from -Drsk.conf.file file 'null'
2022-01-18-20:50:29.0236 INFO [config] [main]  Config ( no ): default properties from installer '/etc/rsk/node.conf'
2022-01-18-20:50:29.0280 DEBUG [o.e.c.s.Secp256k1] [main]  Trying to initialize Signature Service: native.
2022-01-18-20:50:29.0283 DEBUG [o.e.c.s.Secp256k1] [main]  Signature Service native not available, initialized Bouncy Castle.
2022-01-18-20:50:29.0290 ERROR [c.r.RskContext] [main]  Unable to check if GC was ever enabled
java.nio.file.NoSuchFileException: /Users/ales/.rsk/regtest/database
	at sun.nio.fs.UnixException.translateToIOException(UnixException.java:86)
	at sun.nio.fs.UnixException.rethrowAsIOException(UnixException.java:102)
	at sun.nio.fs.UnixException.rethrowAsIOException(UnixException.java:107)
	at sun.nio.fs.UnixFileSystemProvider.newDirectoryStream(UnixFileSystemProvider.java:407)
	at java.nio.file.Files.newDirectoryStream(Files.java:457)
	at java.nio.file.Files.list(Files.java:3451)
	at co.rsk.RskContext.buildAbstractTrieStore(RskContext.java:935)
	at co.rsk.RskContext.getTrieStore(RskContext.java:408)
	at co.rsk.RskContext.buildRepositoryLocator(RskContext.java:1073)
	at co.rsk.RskContext.getRepositoryLocator(RskContext.java:384)
	at co.rsk.RskContext.getTransactionPool(RskContext.java:353)
	at co.rsk.RskContext.buildInternalServices(RskContext.java:844)
	at co.rsk.RskContext.buildNodeRunner(RskContext.java:836)
	at co.rsk.RskContext.getNodeRunner(RskContext.java:302)
	at co.rsk.Start.main(Start.java:34)
2022-01-18-21:19:36.0508 INFO [config] [main]  Config ( no ): user properties from -Drsk.conf.file file 'null'
2022-01-18-21:19:36.0509 INFO [config] [main]  Config ( no ): default properties from installer '/etc/rsk/node.conf'
2022-01-18-21:19:36.0555 DEBUG [o.e.c.s.Secp256k1] [main]  Trying to initialize Signature Service: native.
2022-01-18-21:19:36.0557 DEBUG [o.e.c.s.Secp256k1] [main]  Signature Service native not available, initialized Bouncy Castle.
